/* Error codes for the PKCS12 functions. */

/* Function codes. */
#define PKCS12_F_ADD_FRIENDLYNAME			 100
#define PKCS12_F_ADD_FRIENDLYNAME_ASC			 101
#define PKCS12_F_ADD_FRIENDLYNAME_UNI			 102
#define PKCS12_F_PARSE_BAGS				 103
#define PKCS12_F_PKCS12_ADD_LOCALKEYID			 104
#define PKCS12_F_PKCS12_CREATE				 105
#define PKCS12_F_PKCS12_DECRYPT_D2I			 106
#define PKCS12_F_PKCS12_GEN_MAC				 107
#define PKCS12_F_PKCS12_I2D_ENCRYPT			 108
#define PKCS12_F_PKCS12_INIT				 109
#define PKCS12_F_PKCS12_KEY_GEN_ASC			 110
#define PKCS12_F_PKCS12_KEY_GEN_UNI			 111
#define PKCS12_F_PKCS12_MAKE_SAFEBAG			 112
#define PKCS12_F_PKCS12_MAKE_SHKEYBAG			 113
#define PKCS12_F_PKCS12_PACK_P7DATA			 114
#define PKCS12_F_PKCS12_PACK_P7ENCDATA			 115
#define PKCS12_F_PKCS12_PACK_P7_DATA			 116
#define PKCS12_F_PKCS12_PACK_SAFEBAG			 117
#define PKCS12_F_PKCS12_PARSE				 118
#define PKCS12_F_PKCS12_PBE_CRYPT			 119
#define PKCS12_F_PKCS12_PBE_KEYIVGEN			 120
#define PKCS12_F_PKCS12_PKCS12_SET_MAC			 121
#define PKCS12_F_PKCS12_SETUP_MAC			 122
#define PKCS12_F_PKCS12_SET_MAC				 123
#define PKCS12_F_PKCS8_ADD_KEYUSAGE			 124
#define PKCS12_F_PKCS8_ENCRYPT				 125
#define PKCS12_F_VERIFY_MAC				 126

/* Reason codes. */
#define PKCS12_R_CANT_PACK_STRUCTURE			 100
#define PKCS12_R_DECODE_ERROR				 101
#define PKCS12_R_ENCODE_ERROR				 102
#define PKCS12_R_ENCRYPT_ERROR				 103
#define PKCS12_R_INVALID_NULL_ARGUMENT			 104
#define PKCS12_R_INVALID_NULL_PKCS12_POINTER		 105
#define PKCS12_R_IV_GEN_ERROR				 106
#define PKCS12_R_KEY_GEN_ERROR				 107
#define PKCS12_R_MAC_ABSENT				 108
#define PKCS12_R_MAC_GENERATION_ERROR			 109
#define PKCS12_R_MAC_SETUP_ERROR			 110
#define PKCS12_R_MAC_STRING_SET_ERROR			 111
#define PKCS12_R_MAC_VERIFY_ERROR			 112
#define PKCS12_R_MAC_VERIFY_FAILURE			 113
#define PKCS12_R_PARSE_ERROR				 114
#define PKCS12_R_PKCS12_ALGOR_CIPHERINIT_ERROR		 115
#define PKCS12_R_PKCS12_CIPHERFINAL_ERROR		 116
#define PKCS12_R_PKCS12_PBE_CRYPT_ERROR			 117
#define PKCS12_R_UNKNOWN_DIGEST_ALGORITHM		 118
#define PKCS12_R_UNSUPPORTED_PKCS12_MODE		 119
