The system is: Linux - 5.4.72-microsoft-standard-WSL2 - x86_64
Compiling the C compiler identification source file "CMakeCCompilerId.c" succeeded.
Compiler: /usr/bin/clang-8 
Build flags: 
Id flags:  

The output was:
0


Compilation of the C compiler identification source "CMakeCCompilerId.c" produced "a.out"

The C compiler identification is Clang, found in "/mnt/c/Users/Xboxe/Desktop/EPFL/papers/bolt/klee/examples/taint_rsa/openssl/build/CMakeFiles/3.16.3/CompilerIdC/a.out"

Compiling the CXX compiler identification source file "CMakeCXXCompilerId.cpp" succeeded.
Compiler: /usr/bin/clang++-8 
Build flags: 
Id flags:  

The output was:
0


Compilation of the CXX compiler identification source "CMakeCXXCompilerId.cpp" produced "a.out"

The CXX compiler identification is Clang, found in "/mnt/c/Users/Xboxe/Desktop/EPFL/papers/bolt/klee/examples/taint_rsa/openssl/build/CMakeFiles/3.16.3/CompilerIdCXX/a.out"

Determining if the C compiler works passed with the following output:
Change Dir: /mnt/c/Users/Xboxe/Desktop/EPFL/papers/bolt/klee/examples/taint_rsa/openssl/build/CMakeFiles/CMakeTmp

Run Build Command(s):/usr/bin/make cmTC_80de2/fast && /usr/bin/make -f CMakeFiles/cmTC_80de2.dir/build.make CMakeFiles/cmTC_80de2.dir/build
make[1]: Entering directory '/mnt/c/Users/Xboxe/Desktop/EPFL/papers/bolt/klee/examples/taint_rsa/openssl/build/CMakeFiles/CMakeTmp'
Building C object CMakeFiles/cmTC_80de2.dir/testCCompiler.c.o
/usr/bin/clang-8    -o CMakeFiles/cmTC_80de2.dir/testCCompiler.c.o   -c /mnt/c/Users/Xboxe/Desktop/EPFL/papers/bolt/klee/examples/taint_rsa/openssl/build/CMakeFiles/CMakeTmp/testCCompiler.c
Linking C executable cmTC_80de2
/usr/bin/cmake -E cmake_link_script CMakeFiles/cmTC_80de2.dir/link.txt --verbose=1
/usr/bin/clang-8      -rdynamic CMakeFiles/cmTC_80de2.dir/testCCompiler.c.o  -o cmTC_80de2 
make[1]: Leaving directory '/mnt/c/Users/Xboxe/Desktop/EPFL/papers/bolt/klee/examples/taint_rsa/openssl/build/CMakeFiles/CMakeTmp'



Detecting C compiler ABI info compiled with the following output:
Change Dir: /mnt/c/Users/Xboxe/Desktop/EPFL/papers/bolt/klee/examples/taint_rsa/openssl/build/CMakeFiles/CMakeTmp

Run Build Command(s):/usr/bin/make cmTC_5291b/fast && /usr/bin/make -f CMakeFiles/cmTC_5291b.dir/build.make CMakeFiles/cmTC_5291b.dir/build
make[1]: Entering directory '/mnt/c/Users/Xboxe/Desktop/EPFL/papers/bolt/klee/examples/taint_rsa/openssl/build/CMakeFiles/CMakeTmp'
Building C object CMakeFiles/cmTC_5291b.dir/CMakeCCompilerABI.c.o
/usr/bin/clang-8   -v -o CMakeFiles/cmTC_5291b.dir/CMakeCCompilerABI.c.o   -c /usr/share/cmake-3.16/Modules/CMakeCCompilerABI.c
clang version 8.0.1-9 (tags/RELEASE_801/final)
Target: x86_64-pc-linux-gnu
Thread model: posix
InstalledDir: /usr/bin
Found candidate GCC installation: /usr/bin/../lib/gcc/x86_64-linux-gnu/8
Found candidate GCC installation: /usr/bin/../lib/gcc/x86_64-linux-gnu/9
Found candidate GCC installation: /usr/lib/gcc/x86_64-linux-gnu/8
Found candidate GCC installation: /usr/lib/gcc/x86_64-linux-gnu/9
Selected GCC installation: /usr/bin/../lib/gcc/x86_64-linux-gnu/9
Candidate multilib: .;@m64
Candidate multilib: 32;@m32
Candidate multilib: x32;@mx32
Selected multilib: .;@m64
 "/usr/lib/llvm-8/bin/clang" -cc1 -triple x86_64-pc-linux-gnu -emit-obj -mrelax-all -disable-free -disable-llvm-verifier -discard-value-names -main-file-name CMakeCCompilerABI.c -mrelocation-model static -mthread-model posix -mdisable-fp-elim -fmath-errno -masm-verbose -mconstructor-aliases -munwind-tables -fuse-init-array -target-cpu x86-64 -dwarf-column-info -debugger-tuning=gdb -v -coverage-notes-file /mnt/c/Users/Xboxe/Desktop/EPFL/papers/bolt/klee/examples/taint_rsa/openssl/build/CMakeFiles/CMakeTmp/CMakeFiles/cmTC_5291b.dir/CMakeCCompilerABI.c.gcno -resource-dir /usr/lib/llvm-8/lib/clang/8.0.1 -internal-isystem /usr/local/include -internal-isystem /usr/lib/llvm-8/lib/clang/8.0.1/include -internal-externc-isystem /usr/include/x86_64-linux-gnu -internal-externc-isystem /include -internal-externc-isystem /usr/include -fdebug-compilation-dir /mnt/c/Users/Xboxe/Desktop/EPFL/papers/bolt/klee/examples/taint_rsa/openssl/build/CMakeFiles/CMakeTmp -ferror-limit 19 -fmessage-length 0 -fobjc-runtime=gcc -fdiagnostics-show-option -o CMakeFiles/cmTC_5291b.dir/CMakeCCompilerABI.c.o -x c /usr/share/cmake-3.16/Modules/CMakeCCompilerABI.c -faddrsig
clang -cc1 version 8.0.1 based upon LLVM 8.0.1 default target x86_64-pc-linux-gnu
ignoring nonexistent directory "/include"
#include "..." search starts here:
#include <...> search starts here:
 /usr/local/include
 /usr/lib/llvm-8/lib/clang/8.0.1/include
 /usr/include/x86_64-linux-gnu
 /usr/include
End of search list.
Linking C executable cmTC_5291b
/usr/bin/cmake -E cmake_link_script CMakeFiles/cmTC_5291b.dir/link.txt --verbose=1
/usr/bin/clang-8     -v -rdynamic CMakeFiles/cmTC_5291b.dir/CMakeCCompilerABI.c.o  -o cmTC_5291b 
clang version 8.0.1-9 (tags/RELEASE_801/final)
Target: x86_64-pc-linux-gnu
Thread model: posix
InstalledDir: /usr/bin
Found candidate GCC installation: /usr/bin/../lib/gcc/x86_64-linux-gnu/8
Found candidate GCC installation: /usr/bin/../lib/gcc/x86_64-linux-gnu/9
Found candidate GCC installation: /usr/lib/gcc/x86_64-linux-gnu/8
Found candidate GCC installation: /usr/lib/gcc/x86_64-linux-gnu/9
Selected GCC installation: /usr/bin/../lib/gcc/x86_64-linux-gnu/9
Candidate multilib: .;@m64
Candidate multilib: 32;@m32
Candidate multilib: x32;@mx32
Selected multilib: .;@m64
 "/usr/bin/ld" -export-dynamic --build-id --eh-frame-hdr -m elf_x86_64 -export-dynamic -dynamic-linker /lib64/ld-linux-x86-64.so.2 -o cmTC_5291b /usr/bin/../lib/gcc/x86_64-linux-gnu/9/../../../x86_64-linux-gnu/crt1.o /usr/bin/../lib/gcc/x86_64-linux-gnu/9/../../../x86_64-linux-gnu/crti.o /usr/bin/../lib/gcc/x86_64-linux-gnu/9/crtbegin.o -L/usr/bin/../lib/gcc/x86_64-linux-gnu/9 -L/usr/bin/../lib/gcc/x86_64-linux-gnu/9/../../../x86_64-linux-gnu -L/usr/bin/../lib/gcc/x86_64-linux-gnu/9/../../../../lib64 -L/lib/x86_64-linux-gnu -L/lib/../lib64 -L/usr/lib/x86_64-linux-gnu -L/usr/lib/../lib64 -L/usr/lib/x86_64-linux-gnu/../../lib64 -L/usr/bin/../lib/gcc/x86_64-linux-gnu/9/../../.. -L/usr/lib/llvm-8/bin/../lib -L/lib -L/usr/lib CMakeFiles/cmTC_5291b.dir/CMakeCCompilerABI.c.o -lgcc --as-needed -lgcc_s --no-as-needed -lc -lgcc --as-needed -lgcc_s --no-as-needed /usr/bin/../lib/gcc/x86_64-linux-gnu/9/crtend.o /usr/bin/../lib/gcc/x86_64-linux-gnu/9/../../../x86_64-linux-gnu/crtn.o
make[1]: Leaving directory '/mnt/c/Users/Xboxe/Desktop/EPFL/papers/bolt/klee/examples/taint_rsa/openssl/build/CMakeFiles/CMakeTmp'



Parsed C implicit include dir info from above output: rv=done
  found start of include info
  found start of implicit include info
    add: [/usr/local/include]
    add: [/usr/lib/llvm-8/lib/clang/8.0.1/include]
    add: [/usr/include/x86_64-linux-gnu]
    add: [/usr/include]
  end of search list found
  collapse include dir [/usr/local/include] ==> [/usr/local/include]
  collapse include dir [/usr/lib/llvm-8/lib/clang/8.0.1/include] ==> [/usr/lib/llvm-8/lib/clang/8.0.1/include]
  collapse include dir [/usr/include/x86_64-linux-gnu] ==> [/usr/include/x86_64-linux-gnu]
  collapse include dir [/usr/include] ==> [/usr/include]
  implicit include dirs: [/usr/local/include;/usr/lib/llvm-8/lib/clang/8.0.1/include;/usr/include/x86_64-linux-gnu;/usr/include]


Parsed C implicit link information from above output:
  link line regex: [^( *|.*[/\])(llvm-link-8|CMAKE_LINK_STARTFILE-NOTFOUND|([^/\]+-)?ld|collect2)[^/\]*( |$)]
  ignore line: [Change Dir: /mnt/c/Users/Xboxe/Desktop/EPFL/papers/bolt/klee/examples/taint_rsa/openssl/build/CMakeFiles/CMakeTmp]
  ignore line: []
  ignore line: [Run Build Command(s):/usr/bin/make cmTC_5291b/fast && /usr/bin/make -f CMakeFiles/cmTC_5291b.dir/build.make CMakeFiles/cmTC_5291b.dir/build]
  ignore line: [make[1]: Entering directory '/mnt/c/Users/Xboxe/Desktop/EPFL/papers/bolt/klee/examples/taint_rsa/openssl/build/CMakeFiles/CMakeTmp']
  ignore line: [Building C object CMakeFiles/cmTC_5291b.dir/CMakeCCompilerABI.c.o]
  ignore line: [/usr/bin/clang-8   -v -o CMakeFiles/cmTC_5291b.dir/CMakeCCompilerABI.c.o   -c /usr/share/cmake-3.16/Modules/CMakeCCompilerABI.c]
  ignore line: [clang version 8.0.1-9 (tags/RELEASE_801/final)]
  ignore line: [Target: x86_64-pc-linux-gnu]
  ignore line: [Thread model: posix]
  ignore line: [InstalledDir: /usr/bin]
  ignore line: [Found candidate GCC installation: /usr/bin/../lib/gcc/x86_64-linux-gnu/8]
  ignore line: [Found candidate GCC installation: /usr/bin/../lib/gcc/x86_64-linux-gnu/9]
  ignore line: [Found candidate GCC installation: /usr/lib/gcc/x86_64-linux-gnu/8]
  ignore line: [Found candidate GCC installation: /usr/lib/gcc/x86_64-linux-gnu/9]
  ignore line: [Selected GCC installation: /usr/bin/../lib/gcc/x86_64-linux-gnu/9]
  ignore line: [Candidate multilib: .]
  ignore line: [@m64]
  ignore line: [Candidate multilib: 32]
  ignore line: [@m32]
  ignore line: [Candidate multilib: x32]
  ignore line: [@mx32]
  ignore line: [Selected multilib: .]
  ignore line: [@m64]
  ignore line: [ "/usr/lib/llvm-8/bin/clang" -cc1 -triple x86_64-pc-linux-gnu -emit-obj -mrelax-all -disable-free -disable-llvm-verifier -discard-value-names -main-file-name CMakeCCompilerABI.c -mrelocation-model static -mthread-model posix -mdisable-fp-elim -fmath-errno -masm-verbose -mconstructor-aliases -munwind-tables -fuse-init-array -target-cpu x86-64 -dwarf-column-info -debugger-tuning=gdb -v -coverage-notes-file /mnt/c/Users/Xboxe/Desktop/EPFL/papers/bolt/klee/examples/taint_rsa/openssl/build/CMakeFiles/CMakeTmp/CMakeFiles/cmTC_5291b.dir/CMakeCCompilerABI.c.gcno -resource-dir /usr/lib/llvm-8/lib/clang/8.0.1 -internal-isystem /usr/local/include -internal-isystem /usr/lib/llvm-8/lib/clang/8.0.1/include -internal-externc-isystem /usr/include/x86_64-linux-gnu -internal-externc-isystem /include -internal-externc-isystem /usr/include -fdebug-compilation-dir /mnt/c/Users/Xboxe/Desktop/EPFL/papers/bolt/klee/examples/taint_rsa/openssl/build/CMakeFiles/CMakeTmp -ferror-limit 19 -fmessage-length 0 -fobjc-runtime=gcc -fdiagnostics-show-option -o CMakeFiles/cmTC_5291b.dir/CMakeCCompilerABI.c.o -x c /usr/share/cmake-3.16/Modules/CMakeCCompilerABI.c -faddrsig]
  ignore line: [clang -cc1 version 8.0.1 based upon LLVM 8.0.1 default target x86_64-pc-linux-gnu]
  ignore line: [ignoring nonexistent directory "/include"]
  ignore line: [#include "..." search starts here:]
  ignore line: [#include <...> search starts here:]
  ignore line: [ /usr/local/include]
  ignore line: [ /usr/lib/llvm-8/lib/clang/8.0.1/include]
  ignore line: [ /usr/include/x86_64-linux-gnu]
  ignore line: [ /usr/include]
  ignore line: [End of search list.]
  ignore line: [Linking C executable cmTC_5291b]
  ignore line: [/usr/bin/cmake -E cmake_link_script CMakeFiles/cmTC_5291b.dir/link.txt --verbose=1]
  ignore line: [/usr/bin/clang-8     -v -rdynamic CMakeFiles/cmTC_5291b.dir/CMakeCCompilerABI.c.o  -o cmTC_5291b ]
  ignore line: [clang version 8.0.1-9 (tags/RELEASE_801/final)]
  ignore line: [Target: x86_64-pc-linux-gnu]
  ignore line: [Thread model: posix]
  ignore line: [InstalledDir: /usr/bin]
  ignore line: [Found candidate GCC installation: /usr/bin/../lib/gcc/x86_64-linux-gnu/8]
  ignore line: [Found candidate GCC installation: /usr/bin/../lib/gcc/x86_64-linux-gnu/9]
  ignore line: [Found candidate GCC installation: /usr/lib/gcc/x86_64-linux-gnu/8]
  ignore line: [Found candidate GCC installation: /usr/lib/gcc/x86_64-linux-gnu/9]
  ignore line: [Selected GCC installation: /usr/bin/../lib/gcc/x86_64-linux-gnu/9]
  ignore line: [Candidate multilib: .]
  ignore line: [@m64]
  ignore line: [Candidate multilib: 32]
  ignore line: [@m32]
  ignore line: [Candidate multilib: x32]
  ignore line: [@mx32]
  ignore line: [Selected multilib: .]
  ignore line: [@m64]
  link line: [ "/usr/bin/ld" -export-dynamic --build-id --eh-frame-hdr -m elf_x86_64 -export-dynamic -dynamic-linker /lib64/ld-linux-x86-64.so.2 -o cmTC_5291b /usr/bin/../lib/gcc/x86_64-linux-gnu/9/../../../x86_64-linux-gnu/crt1.o /usr/bin/../lib/gcc/x86_64-linux-gnu/9/../../../x86_64-linux-gnu/crti.o /usr/bin/../lib/gcc/x86_64-linux-gnu/9/crtbegin.o -L/usr/bin/../lib/gcc/x86_64-linux-gnu/9 -L/usr/bin/../lib/gcc/x86_64-linux-gnu/9/../../../x86_64-linux-gnu -L/usr/bin/../lib/gcc/x86_64-linux-gnu/9/../../../../lib64 -L/lib/x86_64-linux-gnu -L/lib/../lib64 -L/usr/lib/x86_64-linux-gnu -L/usr/lib/../lib64 -L/usr/lib/x86_64-linux-gnu/../../lib64 -L/usr/bin/../lib/gcc/x86_64-linux-gnu/9/../../.. -L/usr/lib/llvm-8/bin/../lib -L/lib -L/usr/lib CMakeFiles/cmTC_5291b.dir/CMakeCCompilerABI.c.o -lgcc --as-needed -lgcc_s --no-as-needed -lc -lgcc --as-needed -lgcc_s --no-as-needed /usr/bin/../lib/gcc/x86_64-linux-gnu/9/crtend.o /usr/bin/../lib/gcc/x86_64-linux-gnu/9/../../../x86_64-linux-gnu/crtn.o]
    arg [/usr/bin/ld] ==> ignore
    arg [-export-dynamic] ==> ignore
    arg [--build-id] ==> ignore
    arg [--eh-frame-hdr] ==> ignore
    arg [-m] ==> ignore
    arg [elf_x86_64] ==> ignore
    arg [-export-dynamic] ==> ignore
    arg [-dynamic-linker] ==> ignore
    arg [/lib64/ld-linux-x86-64.so.2] ==> ignore
    arg [-o] ==> ignore
    arg [cmTC_5291b] ==> ignore
    arg [/usr/bin/../lib/gcc/x86_64-linux-gnu/9/../../../x86_64-linux-gnu/crt1.o] ==> ignore
    arg [/usr/bin/../lib/gcc/x86_64-linux-gnu/9/../../../x86_64-linux-gnu/crti.o] ==> ignore
    arg [/usr/bin/../lib/gcc/x86_64-linux-gnu/9/crtbegin.o] ==> ignore
    arg [-L/usr/bin/../lib/gcc/x86_64-linux-gnu/9] ==> dir [/usr/bin/../lib/gcc/x86_64-linux-gnu/9]
    arg [-L/usr/bin/../lib/gcc/x86_64-linux-gnu/9/../../../x86_64-linux-gnu] ==> dir [/usr/bin/../lib/gcc/x86_64-linux-gnu/9/../../../x86_64-linux-gnu]
    arg [-L/usr/bin/../lib/gcc/x86_64-linux-gnu/9/../../../../lib64] ==> dir [/usr/bin/../lib/gcc/x86_64-linux-gnu/9/../../../../lib64]
    arg [-L/lib/x86_64-linux-gnu] ==> dir [/lib/x86_64-linux-gnu]
    arg [-L/lib/../lib64] ==> dir [/lib/../lib64]
    arg [-L/usr/lib/x86_64-linux-gnu] ==> dir [/usr/lib/x86_64-linux-gnu]
    arg [-L/usr/lib/../lib64] ==> dir [/usr/lib/../lib64]
    arg [-L/usr/lib/x86_64-linux-gnu/../../lib64] ==> dir [/usr/lib/x86_64-linux-gnu/../../lib64]
    arg [-L/usr/bin/../lib/gcc/x86_64-linux-gnu/9/../../..] ==> dir [/usr/bin/../lib/gcc/x86_64-linux-gnu/9/../../..]
    arg [-L/usr/lib/llvm-8/bin/../lib] ==> dir [/usr/lib/llvm-8/bin/../lib]
    arg [-L/lib] ==> dir [/lib]
    arg [-L/usr/lib] ==> dir [/usr/lib]
    arg [CMakeFiles/cmTC_5291b.dir/CMakeCCompilerABI.c.o] ==> ignore
    arg [-lgcc] ==> lib [gcc]
    arg [--as-needed] ==> ignore
    arg [-lgcc_s] ==> lib [gcc_s]
    arg [--no-as-needed] ==> ignore
    arg [-lc] ==> lib [c]
    arg [-lgcc] ==> lib [gcc]
    arg [--as-needed] ==> ignore
    arg [-lgcc_s] ==> lib [gcc_s]
    arg [--no-as-needed] ==> ignore
    arg [/usr/bin/../lib/gcc/x86_64-linux-gnu/9/crtend.o] ==> ignore
    arg [/usr/bin/../lib/gcc/x86_64-linux-gnu/9/../../../x86_64-linux-gnu/crtn.o] ==> ignore
  collapse library dir [/usr/bin/../lib/gcc/x86_64-linux-gnu/9] ==> [/usr/lib/gcc/x86_64-linux-gnu/9]
  collapse library dir [/usr/bin/../lib/gcc/x86_64-linux-gnu/9/../../../x86_64-linux-gnu] ==> [/usr/lib/x86_64-linux-gnu]
  collapse library dir [/usr/bin/../lib/gcc/x86_64-linux-gnu/9/../../../../lib64] ==> [/usr/lib64]
  collapse library dir [/lib/x86_64-linux-gnu] ==> [/lib/x86_64-linux-gnu]
  collapse library dir [/lib/../lib64] ==> [/lib64]
  collapse library dir [/usr/lib/x86_64-linux-gnu] ==> [/usr/lib/x86_64-linux-gnu]
  collapse library dir [/usr/lib/../lib64] ==> [/usr/lib64]
  collapse library dir [/usr/lib/x86_64-linux-gnu/../../lib64] ==> [/usr/lib64]
  collapse library dir [/usr/bin/../lib/gcc/x86_64-linux-gnu/9/../../..] ==> [/usr/lib]
  collapse library dir [/usr/lib/llvm-8/bin/../lib] ==> [/usr/lib/llvm-8/lib]
  collapse library dir [/lib] ==> [/lib]
  collapse library dir [/usr/lib] ==> [/usr/lib]
  implicit libs: [gcc;gcc_s;c;gcc;gcc_s]
  implicit dirs: [/usr/lib/gcc/x86_64-linux-gnu/9;/usr/lib/x86_64-linux-gnu;/usr/lib64;/lib/x86_64-linux-gnu;/lib64;/usr/lib;/usr/lib/llvm-8/lib;/lib]
  implicit fwks: []


Determining if the CXX compiler works passed with the following output:
Change Dir: /mnt/c/Users/Xboxe/Desktop/EPFL/papers/bolt/klee/examples/taint_rsa/openssl/build/CMakeFiles/CMakeTmp

Run Build Command(s):/usr/bin/make cmTC_9542b/fast && /usr/bin/make -f CMakeFiles/cmTC_9542b.dir/build.make CMakeFiles/cmTC_9542b.dir/build
make[1]: Entering directory '/mnt/c/Users/Xboxe/Desktop/EPFL/papers/bolt/klee/examples/taint_rsa/openssl/build/CMakeFiles/CMakeTmp'
Building CXX object CMakeFiles/cmTC_9542b.dir/testCXXCompiler.cxx.o
/usr/bin/clang++-8     -o CMakeFiles/cmTC_9542b.dir/testCXXCompiler.cxx.o -c /mnt/c/Users/Xboxe/Desktop/EPFL/papers/bolt/klee/examples/taint_rsa/openssl/build/CMakeFiles/CMakeTmp/testCXXCompiler.cxx
Linking CXX executable cmTC_9542b
/usr/bin/cmake -E cmake_link_script CMakeFiles/cmTC_9542b.dir/link.txt --verbose=1
/usr/bin/clang++-8       -rdynamic CMakeFiles/cmTC_9542b.dir/testCXXCompiler.cxx.o  -o cmTC_9542b 
make[1]: Leaving directory '/mnt/c/Users/Xboxe/Desktop/EPFL/papers/bolt/klee/examples/taint_rsa/openssl/build/CMakeFiles/CMakeTmp'



Detecting CXX compiler ABI info compiled with the following output:
Change Dir: /mnt/c/Users/Xboxe/Desktop/EPFL/papers/bolt/klee/examples/taint_rsa/openssl/build/CMakeFiles/CMakeTmp

Run Build Command(s):/usr/bin/make cmTC_adae6/fast && /usr/bin/make -f CMakeFiles/cmTC_adae6.dir/build.make CMakeFiles/cmTC_adae6.dir/build
make[1]: Entering directory '/mnt/c/Users/Xboxe/Desktop/EPFL/papers/bolt/klee/examples/taint_rsa/openssl/build/CMakeFiles/CMakeTmp'
Building CXX object CMakeFiles/cmTC_adae6.dir/CMakeCXXCompilerABI.cpp.o
/usr/bin/clang++-8    -v -o CMakeFiles/cmTC_adae6.dir/CMakeCXXCompilerABI.cpp.o -c /usr/share/cmake-3.16/Modules/CMakeCXXCompilerABI.cpp
clang version 8.0.1-9 (tags/RELEASE_801/final)
Target: x86_64-pc-linux-gnu
Thread model: posix
InstalledDir: /usr/bin
Found candidate GCC installation: /usr/bin/../lib/gcc/x86_64-linux-gnu/8
Found candidate GCC installation: /usr/bin/../lib/gcc/x86_64-linux-gnu/9
Found candidate GCC installation: /usr/lib/gcc/x86_64-linux-gnu/8
Found candidate GCC installation: /usr/lib/gcc/x86_64-linux-gnu/9
Selected GCC installation: /usr/bin/../lib/gcc/x86_64-linux-gnu/9
Candidate multilib: .;@m64
Candidate multilib: 32;@m32
Candidate multilib: x32;@mx32
Selected multilib: .;@m64
 "/usr/lib/llvm-8/bin/clang" -cc1 -triple x86_64-pc-linux-gnu -emit-obj -mrelax-all -disable-free -disable-llvm-verifier -discard-value-names -main-file-name CMakeCXXCompilerABI.cpp -mrelocation-model static -mthread-model posix -mdisable-fp-elim -fmath-errno -masm-verbose -mconstructor-aliases -munwind-tables -fuse-init-array -target-cpu x86-64 -dwarf-column-info -debugger-tuning=gdb -v -coverage-notes-file /mnt/c/Users/Xboxe/Desktop/EPFL/papers/bolt/klee/examples/taint_rsa/openssl/build/CMakeFiles/CMakeTmp/CMakeFiles/cmTC_adae6.dir/CMakeCXXCompilerABI.cpp.gcno -resource-dir /usr/lib/llvm-8/lib/clang/8.0.1 -internal-isystem /usr/bin/../lib/gcc/x86_64-linux-gnu/9/../../../../include/c++/9 -internal-isystem /usr/bin/../lib/gcc/x86_64-linux-gnu/9/../../../../include/x86_64-linux-gnu/c++/9 -internal-isystem /usr/bin/../lib/gcc/x86_64-linux-gnu/9/../../../../include/x86_64-linux-gnu/c++/9 -internal-isystem /usr/bin/../lib/gcc/x86_64-linux-gnu/9/../../../../include/c++/9/backward -internal-isystem /usr/include/clang/8.0.1/include/ -internal-isystem /usr/local/include -internal-isystem /usr/lib/llvm-8/lib/clang/8.0.1/include -internal-externc-isystem /usr/include/x86_64-linux-gnu -internal-externc-isystem /include -internal-externc-isystem /usr/include -fdeprecated-macro -fdebug-compilation-dir /mnt/c/Users/Xboxe/Desktop/EPFL/papers/bolt/klee/examples/taint_rsa/openssl/build/CMakeFiles/CMakeTmp -ferror-limit 19 -fmessage-length 0 -fobjc-runtime=gcc -fcxx-exceptions -fexceptions -fdiagnostics-show-option -o CMakeFiles/cmTC_adae6.dir/CMakeCXXCompilerABI.cpp.o -x c++ /usr/share/cmake-3.16/Modules/CMakeCXXCompilerABI.cpp -faddrsig
clang -cc1 version 8.0.1 based upon LLVM 8.0.1 default target x86_64-pc-linux-gnu
ignoring nonexistent directory "/include"
ignoring duplicate directory "/usr/bin/../lib/gcc/x86_64-linux-gnu/9/../../../../include/x86_64-linux-gnu/c++/9"
ignoring duplicate directory "/usr/include/clang/8.0.1/include"
#include "..." search starts here:
#include <...> search starts here:
 /usr/bin/../lib/gcc/x86_64-linux-gnu/9/../../../../include/c++/9
 /usr/bin/../lib/gcc/x86_64-linux-gnu/9/../../../../include/x86_64-linux-gnu/c++/9
 /usr/bin/../lib/gcc/x86_64-linux-gnu/9/../../../../include/c++/9/backward
 /usr/include/clang/8.0.1/include
 /usr/local/include
 /usr/include/x86_64-linux-gnu
 /usr/include
End of search list.
Linking CXX executable cmTC_adae6
/usr/bin/cmake -E cmake_link_script CMakeFiles/cmTC_adae6.dir/link.txt --verbose=1
/usr/bin/clang++-8      -v -rdynamic CMakeFiles/cmTC_adae6.dir/CMakeCXXCompilerABI.cpp.o  -o cmTC_adae6 
clang version 8.0.1-9 (tags/RELEASE_801/final)
Target: x86_64-pc-linux-gnu
Thread model: posix
InstalledDir: /usr/bin
Found candidate GCC installation: /usr/bin/../lib/gcc/x86_64-linux-gnu/8
Found candidate GCC installation: /usr/bin/../lib/gcc/x86_64-linux-gnu/9
Found candidate GCC installation: /usr/lib/gcc/x86_64-linux-gnu/8
Found candidate GCC installation: /usr/lib/gcc/x86_64-linux-gnu/9
Selected GCC installation: /usr/bin/../lib/gcc/x86_64-linux-gnu/9
Candidate multilib: .;@m64
Candidate multilib: 32;@m32
Candidate multilib: x32;@mx32
Selected multilib: .;@m64
 "/usr/bin/ld" -export-dynamic --build-id --eh-frame-hdr -m elf_x86_64 -export-dynamic -dynamic-linker /lib64/ld-linux-x86-64.so.2 -o cmTC_adae6 /usr/bin/../lib/gcc/x86_64-linux-gnu/9/../../../x86_64-linux-gnu/crt1.o /usr/bin/../lib/gcc/x86_64-linux-gnu/9/../../../x86_64-linux-gnu/crti.o /usr/bin/../lib/gcc/x86_64-linux-gnu/9/crtbegin.o -L/usr/bin/../lib/gcc/x86_64-linux-gnu/9 -L/usr/bin/../lib/gcc/x86_64-linux-gnu/9/../../../x86_64-linux-gnu -L/usr/bin/../lib/gcc/x86_64-linux-gnu/9/../../../../lib64 -L/lib/x86_64-linux-gnu -L/lib/../lib64 -L/usr/lib/x86_64-linux-gnu -L/usr/lib/../lib64 -L/usr/lib/x86_64-linux-gnu/../../lib64 -L/usr/bin/../lib/gcc/x86_64-linux-gnu/9/../../.. -L/usr/lib/llvm-8/bin/../lib -L/lib -L/usr/lib CMakeFiles/cmTC_adae6.dir/CMakeCXXCompilerABI.cpp.o -lstdc++ -lm -lgcc_s -lgcc -lc -lgcc_s -lgcc /usr/bin/../lib/gcc/x86_64-linux-gnu/9/crtend.o /usr/bin/../lib/gcc/x86_64-linux-gnu/9/../../../x86_64-linux-gnu/crtn.o
make[1]: Leaving directory '/mnt/c/Users/Xboxe/Desktop/EPFL/papers/bolt/klee/examples/taint_rsa/openssl/build/CMakeFiles/CMakeTmp'



Parsed CXX implicit include dir info from above output: rv=done
  found start of include info
  found start of implicit include info
    add: [/usr/bin/../lib/gcc/x86_64-linux-gnu/9/../../../../include/c++/9]
    add: [/usr/bin/../lib/gcc/x86_64-linux-gnu/9/../../../../include/x86_64-linux-gnu/c++/9]
    add: [/usr/bin/../lib/gcc/x86_64-linux-gnu/9/../../../../include/c++/9/backward]
    add: [/usr/include/clang/8.0.1/include]
    add: [/usr/local/include]
    add: [/usr/include/x86_64-linux-gnu]
    add: [/usr/include]
  end of search list found
  collapse include dir [/usr/bin/../lib/gcc/x86_64-linux-gnu/9/../../../../include/c++/9] ==> [/usr/include/c++/9]
  collapse include dir [/usr/bin/../lib/gcc/x86_64-linux-gnu/9/../../../../include/x86_64-linux-gnu/c++/9] ==> [/usr/include/x86_64-linux-gnu/c++/9]
  collapse include dir [/usr/bin/../lib/gcc/x86_64-linux-gnu/9/../../../../include/c++/9/backward] ==> [/usr/include/c++/9/backward]
  collapse include dir [/usr/include/clang/8.0.1/include] ==> [/usr/include/clang/8.0.1/include]
  collapse include dir [/usr/local/include] ==> [/usr/local/include]
  collapse include dir [/usr/include/x86_64-linux-gnu] ==> [/usr/include/x86_64-linux-gnu]
  collapse include dir [/usr/include] ==> [/usr/include]
  implicit include dirs: [/usr/include/c++/9;/usr/include/x86_64-linux-gnu/c++/9;/usr/include/c++/9/backward;/usr/include/clang/8.0.1/include;/usr/local/include;/usr/include/x86_64-linux-gnu;/usr/include]


Parsed CXX implicit link information from above output:
  link line regex: [^( *|.*[/\])(llvm-link-8|CMAKE_LINK_STARTFILE-NOTFOUND|([^/\]+-)?ld|collect2)[^/\]*( |$)]
  ignore line: [Change Dir: /mnt/c/Users/Xboxe/Desktop/EPFL/papers/bolt/klee/examples/taint_rsa/openssl/build/CMakeFiles/CMakeTmp]
  ignore line: []
  ignore line: [Run Build Command(s):/usr/bin/make cmTC_adae6/fast && /usr/bin/make -f CMakeFiles/cmTC_adae6.dir/build.make CMakeFiles/cmTC_adae6.dir/build]
  ignore line: [make[1]: Entering directory '/mnt/c/Users/Xboxe/Desktop/EPFL/papers/bolt/klee/examples/taint_rsa/openssl/build/CMakeFiles/CMakeTmp']
  ignore line: [Building CXX object CMakeFiles/cmTC_adae6.dir/CMakeCXXCompilerABI.cpp.o]
  ignore line: [/usr/bin/clang++-8    -v -o CMakeFiles/cmTC_adae6.dir/CMakeCXXCompilerABI.cpp.o -c /usr/share/cmake-3.16/Modules/CMakeCXXCompilerABI.cpp]
  ignore line: [clang version 8.0.1-9 (tags/RELEASE_801/final)]
  ignore line: [Target: x86_64-pc-linux-gnu]
  ignore line: [Thread model: posix]
  ignore line: [InstalledDir: /usr/bin]
  ignore line: [Found candidate GCC installation: /usr/bin/../lib/gcc/x86_64-linux-gnu/8]
  ignore line: [Found candidate GCC installation: /usr/bin/../lib/gcc/x86_64-linux-gnu/9]
  ignore line: [Found candidate GCC installation: /usr/lib/gcc/x86_64-linux-gnu/8]
  ignore line: [Found candidate GCC installation: /usr/lib/gcc/x86_64-linux-gnu/9]
  ignore line: [Selected GCC installation: /usr/bin/../lib/gcc/x86_64-linux-gnu/9]
  ignore line: [Candidate multilib: .]
  ignore line: [@m64]
  ignore line: [Candidate multilib: 32]
  ignore line: [@m32]
  ignore line: [Candidate multilib: x32]
  ignore line: [@mx32]
  ignore line: [Selected multilib: .]
  ignore line: [@m64]
  ignore line: [ "/usr/lib/llvm-8/bin/clang" -cc1 -triple x86_64-pc-linux-gnu -emit-obj -mrelax-all -disable-free -disable-llvm-verifier -discard-value-names -main-file-name CMakeCXXCompilerABI.cpp -mrelocation-model static -mthread-model posix -mdisable-fp-elim -fmath-errno -masm-verbose -mconstructor-aliases -munwind-tables -fuse-init-array -target-cpu x86-64 -dwarf-column-info -debugger-tuning=gdb -v -coverage-notes-file /mnt/c/Users/Xboxe/Desktop/EPFL/papers/bolt/klee/examples/taint_rsa/openssl/build/CMakeFiles/CMakeTmp/CMakeFiles/cmTC_adae6.dir/CMakeCXXCompilerABI.cpp.gcno -resource-dir /usr/lib/llvm-8/lib/clang/8.0.1 -internal-isystem /usr/bin/../lib/gcc/x86_64-linux-gnu/9/../../../../include/c++/9 -internal-isystem /usr/bin/../lib/gcc/x86_64-linux-gnu/9/../../../../include/x86_64-linux-gnu/c++/9 -internal-isystem /usr/bin/../lib/gcc/x86_64-linux-gnu/9/../../../../include/x86_64-linux-gnu/c++/9 -internal-isystem /usr/bin/../lib/gcc/x86_64-linux-gnu/9/../../../../include/c++/9/backward -internal-isystem /usr/include/clang/8.0.1/include/ -internal-isystem /usr/local/include -internal-isystem /usr/lib/llvm-8/lib/clang/8.0.1/include -internal-externc-isystem /usr/include/x86_64-linux-gnu -internal-externc-isystem /include -internal-externc-isystem /usr/include -fdeprecated-macro -fdebug-compilation-dir /mnt/c/Users/Xboxe/Desktop/EPFL/papers/bolt/klee/examples/taint_rsa/openssl/build/CMakeFiles/CMakeTmp -ferror-limit 19 -fmessage-length 0 -fobjc-runtime=gcc -fcxx-exceptions -fexceptions -fdiagnostics-show-option -o CMakeFiles/cmTC_adae6.dir/CMakeCXXCompilerABI.cpp.o -x c++ /usr/share/cmake-3.16/Modules/CMakeCXXCompilerABI.cpp -faddrsig]
  ignore line: [clang -cc1 version 8.0.1 based upon LLVM 8.0.1 default target x86_64-pc-linux-gnu]
  ignore line: [ignoring nonexistent directory "/include"]
  ignore line: [ignoring duplicate directory "/usr/bin/../lib/gcc/x86_64-linux-gnu/9/../../../../include/x86_64-linux-gnu/c++/9"]
  ignore line: [ignoring duplicate directory "/usr/include/clang/8.0.1/include"]
  ignore line: [#include "..." search starts here:]
  ignore line: [#include <...> search starts here:]
  ignore line: [ /usr/bin/../lib/gcc/x86_64-linux-gnu/9/../../../../include/c++/9]
  ignore line: [ /usr/bin/../lib/gcc/x86_64-linux-gnu/9/../../../../include/x86_64-linux-gnu/c++/9]
  ignore line: [ /usr/bin/../lib/gcc/x86_64-linux-gnu/9/../../../../include/c++/9/backward]
  ignore line: [ /usr/include/clang/8.0.1/include]
  ignore line: [ /usr/local/include]
  ignore line: [ /usr/include/x86_64-linux-gnu]
  ignore line: [ /usr/include]
  ignore line: [End of search list.]
  ignore line: [Linking CXX executable cmTC_adae6]
  ignore line: [/usr/bin/cmake -E cmake_link_script CMakeFiles/cmTC_adae6.dir/link.txt --verbose=1]
  ignore line: [/usr/bin/clang++-8      -v -rdynamic CMakeFiles/cmTC_adae6.dir/CMakeCXXCompilerABI.cpp.o  -o cmTC_adae6 ]
  ignore line: [clang version 8.0.1-9 (tags/RELEASE_801/final)]
  ignore line: [Target: x86_64-pc-linux-gnu]
  ignore line: [Thread model: posix]
  ignore line: [InstalledDir: /usr/bin]
  ignore line: [Found candidate GCC installation: /usr/bin/../lib/gcc/x86_64-linux-gnu/8]
  ignore line: [Found candidate GCC installation: /usr/bin/../lib/gcc/x86_64-linux-gnu/9]
  ignore line: [Found candidate GCC installation: /usr/lib/gcc/x86_64-linux-gnu/8]
  ignore line: [Found candidate GCC installation: /usr/lib/gcc/x86_64-linux-gnu/9]
  ignore line: [Selected GCC installation: /usr/bin/../lib/gcc/x86_64-linux-gnu/9]
  ignore line: [Candidate multilib: .]
  ignore line: [@m64]
  ignore line: [Candidate multilib: 32]
  ignore line: [@m32]
  ignore line: [Candidate multilib: x32]
  ignore line: [@mx32]
  ignore line: [Selected multilib: .]
  ignore line: [@m64]
  link line: [ "/usr/bin/ld" -export-dynamic --build-id --eh-frame-hdr -m elf_x86_64 -export-dynamic -dynamic-linker /lib64/ld-linux-x86-64.so.2 -o cmTC_adae6 /usr/bin/../lib/gcc/x86_64-linux-gnu/9/../../../x86_64-linux-gnu/crt1.o /usr/bin/../lib/gcc/x86_64-linux-gnu/9/../../../x86_64-linux-gnu/crti.o /usr/bin/../lib/gcc/x86_64-linux-gnu/9/crtbegin.o -L/usr/bin/../lib/gcc/x86_64-linux-gnu/9 -L/usr/bin/../lib/gcc/x86_64-linux-gnu/9/../../../x86_64-linux-gnu -L/usr/bin/../lib/gcc/x86_64-linux-gnu/9/../../../../lib64 -L/lib/x86_64-linux-gnu -L/lib/../lib64 -L/usr/lib/x86_64-linux-gnu -L/usr/lib/../lib64 -L/usr/lib/x86_64-linux-gnu/../../lib64 -L/usr/bin/../lib/gcc/x86_64-linux-gnu/9/../../.. -L/usr/lib/llvm-8/bin/../lib -L/lib -L/usr/lib CMakeFiles/cmTC_adae6.dir/CMakeCXXCompilerABI.cpp.o -lstdc++ -lm -lgcc_s -lgcc -lc -lgcc_s -lgcc /usr/bin/../lib/gcc/x86_64-linux-gnu/9/crtend.o /usr/bin/../lib/gcc/x86_64-linux-gnu/9/../../../x86_64-linux-gnu/crtn.o]
    arg [/usr/bin/ld] ==> ignore
    arg [-export-dynamic] ==> ignore
    arg [--build-id] ==> ignore
    arg [--eh-frame-hdr] ==> ignore
    arg [-m] ==> ignore
    arg [elf_x86_64] ==> ignore
    arg [-export-dynamic] ==> ignore
    arg [-dynamic-linker] ==> ignore
    arg [/lib64/ld-linux-x86-64.so.2] ==> ignore
    arg [-o] ==> ignore
    arg [cmTC_adae6] ==> ignore
    arg [/usr/bin/../lib/gcc/x86_64-linux-gnu/9/../../../x86_64-linux-gnu/crt1.o] ==> ignore
    arg [/usr/bin/../lib/gcc/x86_64-linux-gnu/9/../../../x86_64-linux-gnu/crti.o] ==> ignore
    arg [/usr/bin/../lib/gcc/x86_64-linux-gnu/9/crtbegin.o] ==> ignore
    arg [-L/usr/bin/../lib/gcc/x86_64-linux-gnu/9] ==> dir [/usr/bin/../lib/gcc/x86_64-linux-gnu/9]
    arg [-L/usr/bin/../lib/gcc/x86_64-linux-gnu/9/../../../x86_64-linux-gnu] ==> dir [/usr/bin/../lib/gcc/x86_64-linux-gnu/9/../../../x86_64-linux-gnu]
    arg [-L/usr/bin/../lib/gcc/x86_64-linux-gnu/9/../../../../lib64] ==> dir [/usr/bin/../lib/gcc/x86_64-linux-gnu/9/../../../../lib64]
    arg [-L/lib/x86_64-linux-gnu] ==> dir [/lib/x86_64-linux-gnu]
    arg [-L/lib/../lib64] ==> dir [/lib/../lib64]
    arg [-L/usr/lib/x86_64-linux-gnu] ==> dir [/usr/lib/x86_64-linux-gnu]
    arg [-L/usr/lib/../lib64] ==> dir [/usr/lib/../lib64]
    arg [-L/usr/lib/x86_64-linux-gnu/../../lib64] ==> dir [/usr/lib/x86_64-linux-gnu/../../lib64]
    arg [-L/usr/bin/../lib/gcc/x86_64-linux-gnu/9/../../..] ==> dir [/usr/bin/../lib/gcc/x86_64-linux-gnu/9/../../..]
    arg [-L/usr/lib/llvm-8/bin/../lib] ==> dir [/usr/lib/llvm-8/bin/../lib]
    arg [-L/lib] ==> dir [/lib]
    arg [-L/usr/lib] ==> dir [/usr/lib]
    arg [CMakeFiles/cmTC_adae6.dir/CMakeCXXCompilerABI.cpp.o] ==> ignore
    arg [-lstdc++] ==> lib [stdc++]
    arg [-lm] ==> lib [m]
    arg [-lgcc_s] ==> lib [gcc_s]
    arg [-lgcc] ==> lib [gcc]
    arg [-lc] ==> lib [c]
    arg [-lgcc_s] ==> lib [gcc_s]
    arg [-lgcc] ==> lib [gcc]
    arg [/usr/bin/../lib/gcc/x86_64-linux-gnu/9/crtend.o] ==> ignore
    arg [/usr/bin/../lib/gcc/x86_64-linux-gnu/9/../../../x86_64-linux-gnu/crtn.o] ==> ignore
  collapse library dir [/usr/bin/../lib/gcc/x86_64-linux-gnu/9] ==> [/usr/lib/gcc/x86_64-linux-gnu/9]
  collapse library dir [/usr/bin/../lib/gcc/x86_64-linux-gnu/9/../../../x86_64-linux-gnu] ==> [/usr/lib/x86_64-linux-gnu]
  collapse library dir [/usr/bin/../lib/gcc/x86_64-linux-gnu/9/../../../../lib64] ==> [/usr/lib64]
  collapse library dir [/lib/x86_64-linux-gnu] ==> [/lib/x86_64-linux-gnu]
  collapse library dir [/lib/../lib64] ==> [/lib64]
  collapse library dir [/usr/lib/x86_64-linux-gnu] ==> [/usr/lib/x86_64-linux-gnu]
  collapse library dir [/usr/lib/../lib64] ==> [/usr/lib64]
  collapse library dir [/usr/lib/x86_64-linux-gnu/../../lib64] ==> [/usr/lib64]
  collapse library dir [/usr/bin/../lib/gcc/x86_64-linux-gnu/9/../../..] ==> [/usr/lib]
  collapse library dir [/usr/lib/llvm-8/bin/../lib] ==> [/usr/lib/llvm-8/lib]
  collapse library dir [/lib] ==> [/lib]
  collapse library dir [/usr/lib] ==> [/usr/lib]
  implicit libs: [stdc++;m;gcc_s;gcc;c;gcc_s;gcc]
  implicit dirs: [/usr/lib/gcc/x86_64-linux-gnu/9;/usr/lib/x86_64-linux-gnu;/usr/lib64;/lib/x86_64-linux-gnu;/lib64;/usr/lib;/usr/lib/llvm-8/lib;/lib]
  implicit fwks: []


Determining if the include file sys/types.h exists passed with the following output:
Change Dir: /mnt/c/Users/Xboxe/Desktop/EPFL/papers/bolt/klee/examples/taint_rsa/openssl/build/CMakeFiles/CMakeTmp

Run Build Command(s):/usr/bin/make cmTC_51d5c/fast && /usr/bin/make -f CMakeFiles/cmTC_51d5c.dir/build.make CMakeFiles/cmTC_51d5c.dir/build
make[1]: Entering directory '/mnt/c/Users/Xboxe/Desktop/EPFL/papers/bolt/klee/examples/taint_rsa/openssl/build/CMakeFiles/CMakeTmp'
Building C object CMakeFiles/cmTC_51d5c.dir/CheckIncludeFile.c.o
/usr/bin/clang-8    -o CMakeFiles/cmTC_51d5c.dir/CheckIncludeFile.c.o   -c /mnt/c/Users/Xboxe/Desktop/EPFL/papers/bolt/klee/examples/taint_rsa/openssl/build/CMakeFiles/CMakeTmp/CheckIncludeFile.c
Linking C executable cmTC_51d5c
/usr/bin/cmake -E cmake_link_script CMakeFiles/cmTC_51d5c.dir/link.txt --verbose=1
/usr/bin/clang-8      -rdynamic CMakeFiles/cmTC_51d5c.dir/CheckIncludeFile.c.o  -o cmTC_51d5c 
make[1]: Leaving directory '/mnt/c/Users/Xboxe/Desktop/EPFL/papers/bolt/klee/examples/taint_rsa/openssl/build/CMakeFiles/CMakeTmp'



Determining if the include file stdint.h exists passed with the following output:
Change Dir: /mnt/c/Users/Xboxe/Desktop/EPFL/papers/bolt/klee/examples/taint_rsa/openssl/build/CMakeFiles/CMakeTmp

Run Build Command(s):/usr/bin/make cmTC_10697/fast && /usr/bin/make -f CMakeFiles/cmTC_10697.dir/build.make CMakeFiles/cmTC_10697.dir/build
make[1]: Entering directory '/mnt/c/Users/Xboxe/Desktop/EPFL/papers/bolt/klee/examples/taint_rsa/openssl/build/CMakeFiles/CMakeTmp'
Building C object CMakeFiles/cmTC_10697.dir/CheckIncludeFile.c.o
/usr/bin/clang-8    -o CMakeFiles/cmTC_10697.dir/CheckIncludeFile.c.o   -c /mnt/c/Users/Xboxe/Desktop/EPFL/papers/bolt/klee/examples/taint_rsa/openssl/build/CMakeFiles/CMakeTmp/CheckIncludeFile.c
Linking C executable cmTC_10697
/usr/bin/cmake -E cmake_link_script CMakeFiles/cmTC_10697.dir/link.txt --verbose=1
/usr/bin/clang-8      -rdynamic CMakeFiles/cmTC_10697.dir/CheckIncludeFile.c.o  -o cmTC_10697 
make[1]: Leaving directory '/mnt/c/Users/Xboxe/Desktop/EPFL/papers/bolt/klee/examples/taint_rsa/openssl/build/CMakeFiles/CMakeTmp'



Determining if the include file stddef.h exists passed with the following output:
Change Dir: /mnt/c/Users/Xboxe/Desktop/EPFL/papers/bolt/klee/examples/taint_rsa/openssl/build/CMakeFiles/CMakeTmp

Run Build Command(s):/usr/bin/make cmTC_f25e8/fast && /usr/bin/make -f CMakeFiles/cmTC_f25e8.dir/build.make CMakeFiles/cmTC_f25e8.dir/build
make[1]: Entering directory '/mnt/c/Users/Xboxe/Desktop/EPFL/papers/bolt/klee/examples/taint_rsa/openssl/build/CMakeFiles/CMakeTmp'
Building C object CMakeFiles/cmTC_f25e8.dir/CheckIncludeFile.c.o
/usr/bin/clang-8    -o CMakeFiles/cmTC_f25e8.dir/CheckIncludeFile.c.o   -c /mnt/c/Users/Xboxe/Desktop/EPFL/papers/bolt/klee/examples/taint_rsa/openssl/build/CMakeFiles/CMakeTmp/CheckIncludeFile.c
Linking C executable cmTC_f25e8
/usr/bin/cmake -E cmake_link_script CMakeFiles/cmTC_f25e8.dir/link.txt --verbose=1
/usr/bin/clang-8      -rdynamic CMakeFiles/cmTC_f25e8.dir/CheckIncludeFile.c.o  -o cmTC_f25e8 
make[1]: Leaving directory '/mnt/c/Users/Xboxe/Desktop/EPFL/papers/bolt/klee/examples/taint_rsa/openssl/build/CMakeFiles/CMakeTmp'



Determining size of long passed with the following output:
Change Dir: /mnt/c/Users/Xboxe/Desktop/EPFL/papers/bolt/klee/examples/taint_rsa/openssl/build/CMakeFiles/CMakeTmp

Run Build Command(s):/usr/bin/make cmTC_3d41a/fast && /usr/bin/make -f CMakeFiles/cmTC_3d41a.dir/build.make CMakeFiles/cmTC_3d41a.dir/build
make[1]: Entering directory '/mnt/c/Users/Xboxe/Desktop/EPFL/papers/bolt/klee/examples/taint_rsa/openssl/build/CMakeFiles/CMakeTmp'
Building C object CMakeFiles/cmTC_3d41a.dir/LONG_INT.c.o
/usr/bin/clang-8    -o CMakeFiles/cmTC_3d41a.dir/LONG_INT.c.o   -c /mnt/c/Users/Xboxe/Desktop/EPFL/papers/bolt/klee/examples/taint_rsa/openssl/build/CMakeFiles/CheckTypeSize/LONG_INT.c
Linking C executable cmTC_3d41a
/usr/bin/cmake -E cmake_link_script CMakeFiles/cmTC_3d41a.dir/link.txt --verbose=1
/usr/bin/clang-8      -rdynamic CMakeFiles/cmTC_3d41a.dir/LONG_INT.c.o  -o cmTC_3d41a 
make[1]: Leaving directory '/mnt/c/Users/Xboxe/Desktop/EPFL/papers/bolt/klee/examples/taint_rsa/openssl/build/CMakeFiles/CMakeTmp'



Determining size of long long passed with the following output:
Change Dir: /mnt/c/Users/Xboxe/Desktop/EPFL/papers/bolt/klee/examples/taint_rsa/openssl/build/CMakeFiles/CMakeTmp

Run Build Command(s):/usr/bin/make cmTC_b2c57/fast && /usr/bin/make -f CMakeFiles/cmTC_b2c57.dir/build.make CMakeFiles/cmTC_b2c57.dir/build
make[1]: Entering directory '/mnt/c/Users/Xboxe/Desktop/EPFL/papers/bolt/klee/examples/taint_rsa/openssl/build/CMakeFiles/CMakeTmp'
Building C object CMakeFiles/cmTC_b2c57.dir/LONG_LONG_INT.c.o
/usr/bin/clang-8    -o CMakeFiles/cmTC_b2c57.dir/LONG_LONG_INT.c.o   -c /mnt/c/Users/Xboxe/Desktop/EPFL/papers/bolt/klee/examples/taint_rsa/openssl/build/CMakeFiles/CheckTypeSize/LONG_LONG_INT.c
Linking C executable cmTC_b2c57
/usr/bin/cmake -E cmake_link_script CMakeFiles/cmTC_b2c57.dir/link.txt --verbose=1
/usr/bin/clang-8      -rdynamic CMakeFiles/cmTC_b2c57.dir/LONG_LONG_INT.c.o  -o cmTC_b2c57 
make[1]: Leaving directory '/mnt/c/Users/Xboxe/Desktop/EPFL/papers/bolt/klee/examples/taint_rsa/openssl/build/CMakeFiles/CMakeTmp'



Determining size of int passed with the following output:
Change Dir: /mnt/c/Users/Xboxe/Desktop/EPFL/papers/bolt/klee/examples/taint_rsa/openssl/build/CMakeFiles/CMakeTmp

Run Build Command(s):/usr/bin/make cmTC_629cf/fast && /usr/bin/make -f CMakeFiles/cmTC_629cf.dir/build.make CMakeFiles/cmTC_629cf.dir/build
make[1]: Entering directory '/mnt/c/Users/Xboxe/Desktop/EPFL/papers/bolt/klee/examples/taint_rsa/openssl/build/CMakeFiles/CMakeTmp'
Building C object CMakeFiles/cmTC_629cf.dir/INT.c.o
/usr/bin/clang-8    -o CMakeFiles/cmTC_629cf.dir/INT.c.o   -c /mnt/c/Users/Xboxe/Desktop/EPFL/papers/bolt/klee/examples/taint_rsa/openssl/build/CMakeFiles/CheckTypeSize/INT.c
Linking C executable cmTC_629cf
/usr/bin/cmake -E cmake_link_script CMakeFiles/cmTC_629cf.dir/link.txt --verbose=1
/usr/bin/clang-8      -rdynamic CMakeFiles/cmTC_629cf.dir/INT.c.o  -o cmTC_629cf 
make[1]: Leaving directory '/mnt/c/Users/Xboxe/Desktop/EPFL/papers/bolt/klee/examples/taint_rsa/openssl/build/CMakeFiles/CMakeTmp'



Determining if the include file fcntl.h exists passed with the following output:
Change Dir: /mnt/c/Users/Xboxe/Desktop/EPFL/papers/bolt/klee/examples/taint_rsa/openssl/build/CMakeFiles/CMakeTmp

Run Build Command(s):/usr/bin/make cmTC_3b95b/fast && /usr/bin/make -f CMakeFiles/cmTC_3b95b.dir/build.make CMakeFiles/cmTC_3b95b.dir/build
make[1]: Entering directory '/mnt/c/Users/Xboxe/Desktop/EPFL/papers/bolt/klee/examples/taint_rsa/openssl/build/CMakeFiles/CMakeTmp'
Building C object CMakeFiles/cmTC_3b95b.dir/CheckIncludeFile.c.o
/usr/bin/clang-8    -o CMakeFiles/cmTC_3b95b.dir/CheckIncludeFile.c.o   -c /mnt/c/Users/Xboxe/Desktop/EPFL/papers/bolt/klee/examples/taint_rsa/openssl/build/CMakeFiles/CMakeTmp/CheckIncludeFile.c
Linking C executable cmTC_3b95b
/usr/bin/cmake -E cmake_link_script CMakeFiles/cmTC_3b95b.dir/link.txt --verbose=1
/usr/bin/clang-8      -rdynamic CMakeFiles/cmTC_3b95b.dir/CheckIncludeFile.c.o  -o cmTC_3b95b 
make[1]: Leaving directory '/mnt/c/Users/Xboxe/Desktop/EPFL/papers/bolt/klee/examples/taint_rsa/openssl/build/CMakeFiles/CMakeTmp'



Determining if the include file pthread.h exists passed with the following output:
Change Dir: /mnt/c/Users/Xboxe/Desktop/EPFL/papers/bolt/klee/examples/taint_rsa/openssl/build/CMakeFiles/CMakeTmp

Run Build Command(s):/usr/bin/make cmTC_694f4/fast && /usr/bin/make -f CMakeFiles/cmTC_694f4.dir/build.make CMakeFiles/cmTC_694f4.dir/build
make[1]: Entering directory '/mnt/c/Users/Xboxe/Desktop/EPFL/papers/bolt/klee/examples/taint_rsa/openssl/build/CMakeFiles/CMakeTmp'
Building C object CMakeFiles/cmTC_694f4.dir/CheckIncludeFile.c.o
/usr/bin/clang-8    -o CMakeFiles/cmTC_694f4.dir/CheckIncludeFile.c.o   -c /mnt/c/Users/Xboxe/Desktop/EPFL/papers/bolt/klee/examples/taint_rsa/openssl/build/CMakeFiles/CMakeTmp/CheckIncludeFile.c
Linking C executable cmTC_694f4
/usr/bin/cmake -E cmake_link_script CMakeFiles/cmTC_694f4.dir/link.txt --verbose=1
/usr/bin/clang-8      -rdynamic CMakeFiles/cmTC_694f4.dir/CheckIncludeFile.c.o  -o cmTC_694f4 
make[1]: Leaving directory '/mnt/c/Users/Xboxe/Desktop/EPFL/papers/bolt/klee/examples/taint_rsa/openssl/build/CMakeFiles/CMakeTmp'



Determining if the function pthread_create exists in the pthread passed with the following output:
Change Dir: /mnt/c/Users/Xboxe/Desktop/EPFL/papers/bolt/klee/examples/taint_rsa/openssl/build/CMakeFiles/CMakeTmp

Run Build Command(s):/usr/bin/make cmTC_123c3/fast && /usr/bin/make -f CMakeFiles/cmTC_123c3.dir/build.make CMakeFiles/cmTC_123c3.dir/build
make[1]: Entering directory '/mnt/c/Users/Xboxe/Desktop/EPFL/papers/bolt/klee/examples/taint_rsa/openssl/build/CMakeFiles/CMakeTmp'
Building C object CMakeFiles/cmTC_123c3.dir/CheckFunctionExists.c.o
/usr/bin/clang-8   -DCHECK_FUNCTION_EXISTS=pthread_create   -o CMakeFiles/cmTC_123c3.dir/CheckFunctionExists.c.o   -c /usr/share/cmake-3.16/Modules/CheckFunctionExists.c
Linking C executable cmTC_123c3
/usr/bin/cmake -E cmake_link_script CMakeFiles/cmTC_123c3.dir/link.txt --verbose=1
/usr/bin/clang-8  -DCHECK_FUNCTION_EXISTS=pthread_create    -rdynamic CMakeFiles/cmTC_123c3.dir/CheckFunctionExists.c.o  -o cmTC_123c3  -lpthread 
make[1]: Leaving directory '/mnt/c/Users/Xboxe/Desktop/EPFL/papers/bolt/klee/examples/taint_rsa/openssl/build/CMakeFiles/CMakeTmp'



