/* Error codes for the PKCS7 functions. */

/* Function codes. */
#define PKCS7_F_PKCS7_ADD_CERTIFICATE			 100
#define PKCS7_F_PKCS7_ADD_CRL				 101
#define PKCS7_F_PKCS7_ADD_RECIPIENT_INFO		 102
#define PKCS7_F_PKCS7_ADD_SIGNER			 103
#define PKCS7_F_PKCS7_CTRL				 104
#define PKCS7_F_PKCS7_DATAINIT				 105
#define PKCS7_F_PKCS7_DATASIGN				 106
#define PKCS7_F_PKCS7_DATAVERIFY			 107
#define PKCS7_F_PKCS7_SET_CIPHER			 108
#define PKCS7_F_PKCS7_SET_CONTENT			 109
#define PKCS7_F_PKCS7_SET_TYPE				 110
#define PKCS7_F_PKCS7_SIGNENVELOPEDECRYPT		 111

/* Reason codes. */
#define PKCS7_R_DECRYPTED_KEY_IS_WRONG_LENGTH		 100
#define PKCS7_R_DIGEST_FAILURE				 101
#define PKCS7_R_INTERNAL_ERROR				 102
#define PKCS7_R_MISSING_CERIPEND_INFO			 103
#define PKCS7_R_OPERATION_NOT_SUPPORTED_ON_THIS_TYPE	 104
#define PKCS7_R_SIGNATURE_FAILURE			 105
#define PKCS7_R_UNABLE_TO_FIND_CERTIFICATE		 106
#define PKCS7_R_UNABLE_TO_FIND_MEM_BIO			 107
#define PKCS7_R_UNABLE_TO_FIND_MESSAGE_DIGEST		 108
#define PKCS7_R_UNKNOWN_DIGEST_TYPE			 109
#define PKCS7_R_UNKNOWN_OPERATION			 110
#define PKCS7_R_UNSUPPORTED_CIPHER_TYPE			 111
#define PKCS7_R_UNSUPPORTED_CONTENT_TYPE		 112
#define PKCS7_R_WRONG_CONTENT_TYPE			 113
#define PKCS7_R_WRONG_PKCS7_TYPE			 114
